UserConfigExample_V4_BNO_Miniscope_traceDisplay - Copy_20250205-150625.json
miniscope 연결

Saved [ "" , "roll" , "String" ] as: "String"
Saved [ "" , "pitch" , "String" ] as: "String"
Saved [ "" , "yaw" , "String" ] as: "String"
Saved [ "" , "researcherName" , "String" ] as: "String"
Saved [ "" , "experimentName" , "String" ] as: "String"
Saved [ "" , "animalID" , "String" ] as: "String"
Saved [ "" , "date" , "String" ] as: "String"
Saved [ "" , "time" , "String" ] as: "String"
Screen size is  1920  x  1080
ucProps append: "animalID" 		ucValues append: "ID42"
ucProps append: "animalName" 		ucValues append: "testMouse"
ucProps append: "dataDirectory" 		ucValues append: "C:/Escope/Miniscope-DAQ-QT-Software-Escope/camTest"
ucProps append: "experimentName" 		ucValues append: "Linear Track Test"
ucProps append: "recordLengthinSeconds" 		ucValues append: 0
ucProps append: "researcherName" 		ucValues append: "Dr_Miniscope"
ucProps append: "test" 		ucValues append: "TEST"
qrc:/ControlPanel.qml:214:37: Unable to assign [undefined] to QString
qrc:/ControlPanel.qml:214:37: Unable to assign [undefined] to QString
qrc:/ControlPanel.qml:214:37: Unable to assign [undefined] to QString
qrc:/ControlPanel.qml:214:37: Unable to assign [undefined] to QString
qrc:/ControlPanel.qml:214:37: Unable to assign [undefined] to QString
qrc:/ControlPanel.qml:214:37: Unable to assign [undefined] to QString
qrc:/ControlPanel.qml:214:37: Unable to assign [undefined] to QString
m_resolution: QSize(-1, -1)
VideoStreamOCV constructor called: width -1 height -1 pixelClock -1
deviceStream: -1 x -1 , -1
QJsonObject({"ROI":{"height":600,"leftEdge":0,"topEdge":0,"width":600},"compression":"FFV1","deviceID":1,"deviceName":"Miniscope","deviceType":"Miniscope_V4_BNO","ewl":50,"frameRate":"20FPS","framesPerFile":1000,"gain":"Low","headOrientation":{"enabled":true,"filterBadData":true,"plotTrace":["roll","pitch","yaw"]},"led0":10,"showSaturation":true,"streamHeadOrientation_OLD":true,"windowScale":0.75,"windowX":800,"windowY":100})
Camera 1
connnect2Camera() running
cam open: connectionType "DSHOW"
connectionState != 0, cam->set: 1280 x 720
"Miniscope" "FFV1" 827737670
Retieve failed: Releasing cam 1
15:52:16: C:\Escope\Miniscope-DAQ-QT-Software-Escope\source\build\Desktop_Qt_6_7_2_MinGW_64_bit-Release\release\Miniscope-DAQ-QT-Software-Escope_personalPC.exe crashed.




UserConfigExample_V4_BNO_Miniscope_traceDisplay - Copy_20250205-150625.json
webcam 연결

Saved [ "" , "roll" , "String" ] as: "String"
Saved [ "" , "pitch" , "String" ] as: "String"
Saved [ "" , "yaw" , "String" ] as: "String"
Saved [ "" , "researcherName" , "String" ] as: "String"
Saved [ "" , "experimentName" , "String" ] as: "String"
Saved [ "" , "animalID" , "String" ] as: "String"
Saved [ "" , "date" , "String" ] as: "String"
Saved [ "" , "time" , "String" ] as: "String"
Screen size is  1920  x  1080
ucProps append: "animalID" 		ucValues append: "ID42"
ucProps append: "animalName" 		ucValues append: "testMouse"
ucProps append: "dataDirectory" 		ucValues append: "C:/Escope/Miniscope-DAQ-QT-Software-Escope/camTest"
ucProps append: "experimentName" 		ucValues append: "Linear Track Test"
ucProps append: "recordLengthinSeconds" 		ucValues append: 0
ucProps append: "researcherName" 		ucValues append: "Dr_Miniscope"
ucProps append: "test" 		ucValues append: "TEST"
qrc:/ControlPanel.qml:214:37: Unable to assign [undefined] to QString
qrc:/ControlPanel.qml:214:37: Unable to assign [undefined] to QString
qrc:/ControlPanel.qml:214:37: Unable to assign [undefined] to QString
qrc:/ControlPanel.qml:214:37: Unable to assign [undefined] to QString
qrc:/ControlPanel.qml:214:37: Unable to assign [undefined] to QString
qrc:/ControlPanel.qml:214:37: Unable to assign [undefined] to QString
qrc:/ControlPanel.qml:214:37: Unable to assign [undefined] to QString
m_resolution: QSize(-1, -1)
VideoStreamOCV constructor called: width -1 height -1 pixelClock -1
deviceStream: -1 x -1 , -1
QJsonObject({"ROI":{"height":600,"leftEdge":0,"topEdge":0,"width":600},"compression":"FFV1","deviceID":1,"deviceName":"Miniscope","deviceType":"Miniscope_V4_BNO","ewl":50,"frameRate":"20FPS","framesPerFile":1000,"gain":"Low","headOrientation":{"enabled":true,"filterBadData":true,"plotTrace":["roll","pitch","yaw"]},"led0":10,"showSaturation":true,"streamHeadOrientation_OLD":true,"windowScale":0.75,"windowX":800,"windowY":100})
Camera 1
connnect2Camera() running
[ WARN:0@14.150] global cap.cpp:342 open VIDEOIO(DSHOW): backend is generally available but can't be used to capture by index
Not able to connect and open  "Miniscope"
"Miniscope" "FFV1" 827737670
15:45:50: C:\Escope\Miniscope-DAQ-QT-Software-Escope\source\build\Desktop_Qt_6_7_2_MinGW_64_bit-Release\release\Miniscope-DAQ-QT-Software-Escope_personalPC.exe crashed.






UserConfigExample_V4_BNO_Miniscope.json
miniscope 연결

Saved [ "" , "researcherName" , "String" ] as: "String"
Saved [ "" , "experimentName" , "String" ] as: "String"
Saved [ "" , "animalID" , "String" ] as: "String"
Saved [ "" , "date" , "String" ] as: "String"
Saved [ "" , "time" , "String" ] as: "String"
Screen size is  1920  x  1080
ucProps append: "animalID" 		ucValues append: "ID42"
ucProps append: "animalName" 		ucValues append: "testMouse"
ucProps append: "dataDirectory" 		ucValues append: "C:/Users/dbaha/Documents/Data"
ucProps append: "experimentName" 		ucValues append: "Linear Track Test"
ucProps append: "recordLengthinSeconds" 		ucValues append: 0
ucProps append: "researcherName" 		ucValues append: "Dr_Miniscope"
ucProps append: "test" 		ucValues append: "TEST"
qrc:/ControlPanel.qml:214:37: Unable to assign [undefined] to QString
qrc:/ControlPanel.qml:214:37: Unable to assign [undefined] to QString
qrc:/ControlPanel.qml:214:37: Unable to assign [undefined] to QString
qrc:/ControlPanel.qml:214:37: Unable to assign [undefined] to QString
qrc:/ControlPanel.qml:214:37: Unable to assign [undefined] to QString
qrc:/ControlPanel.qml:214:37: Unable to assign [undefined] to QString
qrc:/ControlPanel.qml:214:37: Unable to assign [undefined] to QString
m_resolution: QSize(-1, -1)
VideoStreamOCV constructor called: width -1 height -1 pixelClock -1
deviceStream: -1 x -1 , -1
QJsonObject({"ROI":{"height":600,"leftEdge":0,"topEdge":0,"width":600},"compression":"FFV1","deviceID":1,"deviceName":"Miniscope","deviceType":"Miniscope_V4_BNO","ewl":50,"frameRate":"25FPS","framesPerFile":1000,"gain":"Low","headOrientation":{"enable":true,"filterBadData":true},"led0":10,"showSaturation":true,"streamHeadOrientation_OLD":true,"windowScale":0.75,"windowX":800,"windowY":100})
Camera 1
connnect2Camera() running
cam open: connectionType "DSHOW"
connectionState != 0, cam->set: 1280 x 720
qt.core.qobject.connect: QObject::connect(Miniscope, Unknown): invalid nullptr parameter
"Miniscope" "FFV1" 827737670
Retieve failed: Releasing cam 1
Released cam 1
attemptReconnect(): DSHOW
QList(192, 31, 16)
1-5: 0x "101f03c0"
QList(176, 5, 32)
1-5: 0x "200503b0"
Reconnect to camera 1
Reinitializing device.